105.04.21 10:59 B D:\Documents and Settings\mohamed hasheesh\Desktop\osc\catalog\includes\languages\english\modules\payment\authorizenet.php --> coolinc.info /badrmorgan.coolinc.info/osc/catalog/includes/languages/english/modules/payment authorizenet.php
105.04.21 11:00 B D:\Documents and Settings\mohamed hasheesh\Desktop\osc\catalog\includes\languages\english\modules\payment\cc.php --> coolinc.info /badrmorgan.coolinc.info/osc/catalog/includes/languages/english/modules/payment cc.php
105.04.21 11:00 B D:\Documents and Settings\mohamed hasheesh\Desktop\osc\catalog\includes\languages\english\modules\payment\cod.php --> coolinc.info /badrmorgan.coolinc.info/osc/catalog/includes/languages/english/modules/payment cod.php
105.04.21 11:00 B D:\Documents and Settings\mohamed hasheesh\Desktop\osc\catalog\includes\languages\english\modules\payment\ipayment.php --> coolinc.info /badrmorgan.coolinc.info/osc/catalog/includes/languages/english/modules/payment ipayment.php
105.04.21 11:00 B D:\Documents and Settings\mohamed hasheesh\Desktop\osc\catalog\includes\languages\english\modules\payment\moneyorder.php --> coolinc.info /badrmorgan.coolinc.info/osc/catalog/includes/languages/english/modules/payment moneyorder.php
105.04.21 11:00 B D:\Documents and Settings\mohamed hasheesh\Desktop\osc\catalog\includes\languages\english\modules\payment\nochex.php --> coolinc.info /badrmorgan.coolinc.info/osc/catalog/includes/languages/english/modules/payment nochex.php
105.04.21 11:00 B D:\Documents and Settings\mohamed hasheesh\Desktop\osc\catalog\includes\languages\english\modules\payment\paypal.php --> coolinc.info /badrmorgan.coolinc.info/osc/catalog/includes/languages/english/modules/payment paypal.php
105.04.21 11:00 B D:\Documents and Settings\mohamed hasheesh\Desktop\osc\catalog\includes\languages\english\modules\payment\pm2checkout.php --> coolinc.info /badrmorgan.coolinc.info/osc/catalog/includes/languages/english/modules/payment pm2checkout.php
105.04.21 11:00 B D:\Documents and Settings\mohamed hasheesh\Desktop\osc\catalog\includes\languages\english\modules\payment\psigate.php --> coolinc.info /badrmorgan.coolinc.info/osc/catalog/includes/languages/english/modules/payment psigate.php
105.04.21 11:00 B D:\Documents and Settings\mohamed hasheesh\Desktop\osc\catalog\includes\languages\english\modules\payment\secpay.php --> coolinc.info /badrmorgan.coolinc.info/osc/catalog/includes/languages/english/modules/payment secpay.php
105.04.23 23:33 B D:\Documents and Settings\mohamed hasheesh\Desktop\osc\catalog\includes\languages\arabic\modules\payment\authorizenet.php --> coolinc.info /badrmorgan.coolinc.info/catalog/admin/includes/languages/arabic/modules/payment authorizenet.php
105.04.23 23:33 B D:\Documents and Settings\mohamed hasheesh\Desktop\osc\catalog\includes\languages\arabic\modules\payment\cc.php --> coolinc.info /badrmorgan.coolinc.info/catalog/admin/includes/languages/arabic/modules/payment cc.php
105.04.23 23:33 B D:\Documents and Settings\mohamed hasheesh\Desktop\osc\catalog\includes\languages\arabic\modules\payment\cod.php --> coolinc.info /badrmorgan.coolinc.info/catalog/admin/includes/languages/arabic/modules/payment cod.php
105.04.23 23:33 B D:\Documents and Settings\mohamed hasheesh\Desktop\osc\catalog\includes\languages\arabic\modules\payment\ipayment.php --> coolinc.info /badrmorgan.coolinc.info/catalog/admin/includes/languages/arabic/modules/payment ipayment.php
105.04.23 23:33 B D:\Documents and Settings\mohamed hasheesh\Desktop\osc\catalog\includes\languages\arabic\modules\payment\moneyorder.php --> coolinc.info /badrmorgan.coolinc.info/catalog/admin/includes/languages/arabic/modules/payment moneyorder.php
105.04.23 23:33 B D:\Documents and Settings\mohamed hasheesh\Desktop\osc\catalog\includes\languages\arabic\modules\payment\nochex.php --> coolinc.info /badrmorgan.coolinc.info/catalog/admin/includes/languages/arabic/modules/payment nochex.php
105.04.23 23:33 B D:\Documents and Settings\mohamed hasheesh\Desktop\osc\catalog\includes\languages\arabic\modules\payment\paypal.php --> coolinc.info /badrmorgan.coolinc.info/catalog/admin/includes/languages/arabic/modules/payment paypal.php
105.04.23 23:33 B D:\Documents and Settings\mohamed hasheesh\Desktop\osc\catalog\includes\languages\arabic\modules\payment\pm2checkout.php --> coolinc.info /badrmorgan.coolinc.info/catalog/admin/includes/languages/arabic/modules/payment pm2checkout.php
105.04.23 23:33 B D:\Documents and Settings\mohamed hasheesh\Desktop\osc\catalog\includes\languages\arabic\modules\payment\psigate.php --> coolinc.info /badrmorgan.coolinc.info/catalog/admin/includes/languages/arabic/modules/payment psigate.php
105.04.23 23:33 B D:\Documents and Settings\mohamed hasheesh\Desktop\osc\catalog\includes\languages\arabic\modules\payment\secpay.php --> coolinc.info /badrmorgan.coolinc.info/catalog/admin/includes/languages/arabic/modules/payment secpay.php
105.04.23 23:33 B D:\Documents and Settings\mohamed hasheesh\Desktop\osc\catalog\includes\languages\arabic\modules\payment\WS_FTP.LOG --> coolinc.info /badrmorgan.coolinc.info/catalog/admin/includes/languages/arabic/modules/payment WS_FTP.LOG
105.04.23 23:36 B D:\Documents and Settings\mohamed hasheesh\Desktop\osc\catalog\includes\languages\arabic\modules\payment\authorizenet.php --> coolinc.info /badrmorgan.coolinc.info/catalog/includes/languages/arabic/modules/payment authorizenet.php
105.04.23 23:36 B D:\Documents and Settings\mohamed hasheesh\Desktop\osc\catalog\includes\languages\arabic\modules\payment\cc.php --> coolinc.info /badrmorgan.coolinc.info/catalog/includes/languages/arabic/modules/payment cc.php
105.04.23 23:36 B D:\Documents and Settings\mohamed hasheesh\Desktop\osc\catalog\includes\languages\arabic\modules\payment\cod.php --> coolinc.info /badrmorgan.coolinc.info/catalog/includes/languages/arabic/modules/payment cod.php
105.04.23 23:36 B D:\Documents and Settings\mohamed hasheesh\Desktop\osc\catalog\includes\languages\arabic\modules\payment\ipayment.php --> coolinc.info /badrmorgan.coolinc.info/catalog/includes/languages/arabic/modules/payment ipayment.php
105.04.23 23:36 B D:\Documents and Settings\mohamed hasheesh\Desktop\osc\catalog\includes\languages\arabic\modules\payment\moneyorder.php --> coolinc.info /badrmorgan.coolinc.info/catalog/includes/languages/arabic/modules/payment moneyorder.php
105.04.23 23:36 B D:\Documents and Settings\mohamed hasheesh\Desktop\osc\catalog\includes\languages\arabic\modules\payment\nochex.php --> coolinc.info /badrmorgan.coolinc.info/catalog/includes/languages/arabic/modules/payment nochex.php
105.04.23 23:36 B D:\Documents and Settings\mohamed hasheesh\Desktop\osc\catalog\includes\languages\arabic\modules\payment\paypal.php --> coolinc.info /badrmorgan.coolinc.info/catalog/includes/languages/arabic/modules/payment paypal.php
105.04.23 23:36 B D:\Documents and Settings\mohamed hasheesh\Desktop\osc\catalog\includes\languages\arabic\modules\payment\pm2checkout.php --> coolinc.info /badrmorgan.coolinc.info/catalog/includes/languages/arabic/modules/payment pm2checkout.php
105.04.23 23:36 B D:\Documents and Settings\mohamed hasheesh\Desktop\osc\catalog\includes\languages\arabic\modules\payment\psigate.php --> coolinc.info /badrmorgan.coolinc.info/catalog/includes/languages/arabic/modules/payment psigate.php
105.04.23 23:36 B D:\Documents and Settings\mohamed hasheesh\Desktop\osc\catalog\includes\languages\arabic\modules\payment\secpay.php --> coolinc.info /badrmorgan.coolinc.info/catalog/includes/languages/arabic/modules/payment secpay.php
105.04.23 23:36 B D:\Documents and Settings\mohamed hasheesh\Desktop\osc\catalog\includes\languages\arabic\modules\payment\WS_FTP.LOG --> coolinc.info /badrmorgan.coolinc.info/catalog/includes/languages/arabic/modules/payment WS_FTP.LOG
105.04.30 10:33 B D:\Documents and Settings\mohamed hasheesh\Desktop\ÇáæÓíØ ÇáÊÌÇÑí\catalog\includes\languages\arabic\modules\payment\authorizenet.php --> cogia.net /hasheesh.cogia.net/catalog/includes/languages/arabic/modules/payment authorizenet.php
105.04.30 10:33 B D:\Documents and Settings\mohamed hasheesh\Desktop\ÇáæÓíØ ÇáÊÌÇÑí\catalog\includes\languages\arabic\modules\payment\cc.php --> cogia.net /hasheesh.cogia.net/catalog/includes/languages/arabic/modules/payment cc.php
105.04.30 10:33 B D:\Documents and Settings\mohamed hasheesh\Desktop\ÇáæÓíØ ÇáÊÌÇÑí\catalog\includes\languages\arabic\modules\payment\cod.php --> cogia.net /hasheesh.cogia.net/catalog/includes/languages/arabic/modules/payment cod.php
105.04.30 10:33 B D:\Documents and Settings\mohamed hasheesh\Desktop\ÇáæÓíØ ÇáÊÌÇÑí\catalog\includes\languages\arabic\modules\payment\ipayment.php --> cogia.net /hasheesh.cogia.net/catalog/includes/languages/arabic/modules/payment ipayment.php
105.04.30 10:33 B D:\Documents and Settings\mohamed hasheesh\Desktop\ÇáæÓíØ ÇáÊÌÇÑí\catalog\includes\languages\arabic\modules\payment\moneyorder.php --> cogia.net /hasheesh.cogia.net/catalog/includes/languages/arabic/modules/payment moneyorder.php
105.04.30 10:33 B D:\Documents and Settings\mohamed hasheesh\Desktop\ÇáæÓíØ ÇáÊÌÇÑí\catalog\includes\languages\arabic\modules\payment\nochex.php --> cogia.net /hasheesh.cogia.net/catalog/includes/languages/arabic/modules/payment nochex.php
105.04.30 10:33 B D:\Documents and Settings\mohamed hasheesh\Desktop\ÇáæÓíØ ÇáÊÌÇÑí\catalog\includes\languages\arabic\modules\payment\paypal.php --> cogia.net /hasheesh.cogia.net/catalog/includes/languages/arabic/modules/payment paypal.php
105.04.30 10:33 B D:\Documents and Settings\mohamed hasheesh\Desktop\ÇáæÓíØ ÇáÊÌÇÑí\catalog\includes\languages\arabic\modules\payment\pm2checkout.php --> cogia.net /hasheesh.cogia.net/catalog/includes/languages/arabic/modules/payment pm2checkout.php
105.04.30 10:33 B D:\Documents and Settings\mohamed hasheesh\Desktop\ÇáæÓíØ ÇáÊÌÇÑí\catalog\includes\languages\arabic\modules\payment\psigate.php --> cogia.net /hasheesh.cogia.net/catalog/includes/languages/arabic/modules/payment psigate.php
105.04.30 10:33 B D:\Documents and Settings\mohamed hasheesh\Desktop\ÇáæÓíØ ÇáÊÌÇÑí\catalog\includes\languages\arabic\modules\payment\secpay.php --> cogia.net /hasheesh.cogia.net/catalog/includes/languages/arabic/modules/payment secpay.php
105.04.30 10:33 B D:\Documents and Settings\mohamed hasheesh\Desktop\ÇáæÓíØ ÇáÊÌÇÑí\catalog\includes\languages\arabic\modules\payment\WS_FTP.LOG --> cogia.net /hasheesh.cogia.net/catalog/includes/languages/arabic/modules/payment WS_FTP.LOG
105.05.09 18:29 B C:\shop-osc-arabic\catalog\includes\languages\arabic\modules\payment\authorizenet.php --> coolinc.info /badrmorgan.coolinc.info/catalog/includes/languages/arabic/modules/payment authorizenet.php
105.05.09 18:29 B C:\shop-osc-arabic\catalog\includes\languages\arabic\modules\payment\cc.php --> coolinc.info /badrmorgan.coolinc.info/catalog/includes/languages/arabic/modules/payment cc.php
105.05.09 18:29 B C:\shop-osc-arabic\catalog\includes\languages\arabic\modules\payment\cod.php --> coolinc.info /badrmorgan.coolinc.info/catalog/includes/languages/arabic/modules/payment cod.php
105.05.09 18:29 B C:\shop-osc-arabic\catalog\includes\languages\arabic\modules\payment\ipayment.php --> coolinc.info /badrmorgan.coolinc.info/catalog/includes/languages/arabic/modules/payment ipayment.php
105.05.09 18:29 B C:\shop-osc-arabic\catalog\includes\languages\arabic\modules\payment\moneyorder.php --> coolinc.info /badrmorgan.coolinc.info/catalog/includes/languages/arabic/modules/payment moneyorder.php
105.05.09 18:29 B C:\shop-osc-arabic\catalog\includes\languages\arabic\modules\payment\nochex.php --> coolinc.info /badrmorgan.coolinc.info/catalog/includes/languages/arabic/modules/payment nochex.php
105.05.09 18:29 B C:\shop-osc-arabic\catalog\includes\languages\arabic\modules\payment\paypal.php --> coolinc.info /badrmorgan.coolinc.info/catalog/includes/languages/arabic/modules/payment paypal.php
105.05.09 18:29 B C:\shop-osc-arabic\catalog\includes\languages\arabic\modules\payment\pm2checkout.php --> coolinc.info /badrmorgan.coolinc.info/catalog/includes/languages/arabic/modules/payment pm2checkout.php
105.05.09 18:29 B C:\shop-osc-arabic\catalog\includes\languages\arabic\modules\payment\psigate.php --> coolinc.info /badrmorgan.coolinc.info/catalog/includes/languages/arabic/modules/payment psigate.php
105.05.09 18:29 B C:\shop-osc-arabic\catalog\includes\languages\arabic\modules\payment\secpay.php --> coolinc.info /badrmorgan.coolinc.info/catalog/includes/languages/arabic/modules/payment secpay.php
105.05.09 18:29 B C:\shop-osc-arabic\catalog\includes\languages\arabic\modules\payment\WS_FTP.LOG --> coolinc.info /badrmorgan.coolinc.info/catalog/includes/languages/arabic/modules/payment WS_FTP.LOG
105.05.15 10:02 B C:\shop-osc-arabic\catalog\includes\languages\arabic\modules\payment\authorizenet.php --> cogia.net /hasheesh.cogia.net/catalog/includes/languages/arabic/modules/payment authorizenet.php
105.05.15 10:02 B C:\shop-osc-arabic\catalog\includes\languages\arabic\modules\payment\cc.php --> cogia.net /hasheesh.cogia.net/catalog/includes/languages/arabic/modules/payment cc.php
105.05.15 10:02 B C:\shop-osc-arabic\catalog\includes\languages\arabic\modules\payment\cod.php --> cogia.net /hasheesh.cogia.net/catalog/includes/languages/arabic/modules/payment cod.php
105.05.15 10:02 B C:\shop-osc-arabic\catalog\includes\languages\arabic\modules\payment\ipayment.php --> cogia.net /hasheesh.cogia.net/catalog/includes/languages/arabic/modules/payment ipayment.php
105.05.15 10:02 B C:\shop-osc-arabic\catalog\includes\languages\arabic\modules\payment\moneyorder.php --> cogia.net /hasheesh.cogia.net/catalog/includes/languages/arabic/modules/payment moneyorder.php
105.05.15 10:02 B C:\shop-osc-arabic\catalog\includes\languages\arabic\modules\payment\nochex.php --> cogia.net /hasheesh.cogia.net/catalog/includes/languages/arabic/modules/payment nochex.php
105.05.15 10:02 B C:\shop-osc-arabic\catalog\includes\languages\arabic\modules\payment\paypal.php --> cogia.net /hasheesh.cogia.net/catalog/includes/languages/arabic/modules/payment paypal.php
105.05.15 10:02 B C:\shop-osc-arabic\catalog\includes\languages\arabic\modules\payment\pm2checkout.php --> cogia.net /hasheesh.cogia.net/catalog/includes/languages/arabic/modules/payment pm2checkout.php
105.05.15 10:02 B C:\shop-osc-arabic\catalog\includes\languages\arabic\modules\payment\psigate.php --> cogia.net /hasheesh.cogia.net/catalog/includes/languages/arabic/modules/payment psigate.php
105.05.15 10:02 B C:\shop-osc-arabic\catalog\includes\languages\arabic\modules\payment\secpay.php --> cogia.net /hasheesh.cogia.net/catalog/includes/languages/arabic/modules/payment secpay.php
105.05.15 10:02 B C:\shop-osc-arabic\catalog\includes\languages\arabic\modules\payment\WS_FTP.LOG --> cogia.net /hasheesh.cogia.net/catalog/includes/languages/arabic/modules/payment WS_FTP.LOG
105.05.15 10:39 B C:\shop-osc-arabic\catalog\includes\languages\arabic\modules\payment\authorizenet.php --> cogia.net /hasheesh.cogia.net/catalog/includes/languages/arabic/modules/payment authorizenet.php
105.05.15 10:39 B C:\shop-osc-arabic\catalog\includes\languages\arabic\modules\payment\cc.php --> cogia.net /hasheesh.cogia.net/catalog/includes/languages/arabic/modules/payment cc.php
105.05.15 10:39 B C:\shop-osc-arabic\catalog\includes\languages\arabic\modules\payment\cod.php --> cogia.net /hasheesh.cogia.net/catalog/includes/languages/arabic/modules/payment cod.php
105.05.15 10:39 B C:\shop-osc-arabic\catalog\includes\languages\arabic\modules\payment\ipayment.php --> cogia.net /hasheesh.cogia.net/catalog/includes/languages/arabic/modules/payment ipayment.php
105.05.15 10:39 B C:\shop-osc-arabic\catalog\includes\languages\arabic\modules\payment\moneyorder.php --> cogia.net /hasheesh.cogia.net/catalog/includes/languages/arabic/modules/payment moneyorder.php
105.05.15 10:39 B C:\shop-osc-arabic\catalog\includes\languages\arabic\modules\payment\nochex.php --> cogia.net /hasheesh.cogia.net/catalog/includes/languages/arabic/modules/payment nochex.php
105.05.15 10:39 B C:\shop-osc-arabic\catalog\includes\languages\arabic\modules\payment\paypal.php --> cogia.net /hasheesh.cogia.net/catalog/includes/languages/arabic/modules/payment paypal.php
105.05.15 10:39 B C:\shop-osc-arabic\catalog\includes\languages\arabic\modules\payment\pm2checkout.php --> cogia.net /hasheesh.cogia.net/catalog/includes/languages/arabic/modules/payment pm2checkout.php
105.05.15 10:39 B C:\shop-osc-arabic\catalog\includes\languages\arabic\modules\payment\psigate.php --> cogia.net /hasheesh.cogia.net/catalog/includes/languages/arabic/modules/payment psigate.php
105.05.15 10:39 B C:\shop-osc-arabic\catalog\includes\languages\arabic\modules\payment\secpay.php --> cogia.net /hasheesh.cogia.net/catalog/includes/languages/arabic/modules/payment secpay.php
105.05.15 10:39 B C:\shop-osc-arabic\catalog\includes\languages\arabic\modules\payment\WS_FTP.LOG --> cogia.net /hasheesh.cogia.net/catalog/includes/languages/arabic/modules/payment WS_FTP.LOG
105.05.16 18:35 B C:\shop-osc-arabic\arabic-pac\catalog\includes\languages\arabic\modules\payment\authorizenet.php --> COOLINC.INFO /masr.coolinc.info/tegara/modules/catalog/includes/languages/arabic/modules/payment authorizenet.php
105.05.16 18:35 B C:\shop-osc-arabic\arabic-pac\catalog\includes\languages\arabic\modules\payment\cc.php --> COOLINC.INFO /masr.coolinc.info/tegara/modules/catalog/includes/languages/arabic/modules/payment cc.php
105.05.16 18:35 B C:\shop-osc-arabic\arabic-pac\catalog\includes\languages\arabic\modules\payment\cod.php --> COOLINC.INFO /masr.coolinc.info/tegara/modules/catalog/includes/languages/arabic/modules/payment cod.php
105.05.16 18:35 B C:\shop-osc-arabic\arabic-pac\catalog\includes\languages\arabic\modules\payment\ipayment.php --> COOLINC.INFO /masr.coolinc.info/tegara/modules/catalog/includes/languages/arabic/modules/payment ipayment.php
105.05.16 18:35 B C:\shop-osc-arabic\arabic-pac\catalog\includes\languages\arabic\modules\payment\moneyorder.php --> COOLINC.INFO /masr.coolinc.info/tegara/modules/catalog/includes/languages/arabic/modules/payment moneyorder.php
105.05.16 18:35 B C:\shop-osc-arabic\arabic-pac\catalog\includes\languages\arabic\modules\payment\nochex.php --> COOLINC.INFO /masr.coolinc.info/tegara/modules/catalog/includes/languages/arabic/modules/payment nochex.php
105.05.16 18:35 B C:\shop-osc-arabic\arabic-pac\catalog\includes\languages\arabic\modules\payment\paypal.php --> COOLINC.INFO /masr.coolinc.info/tegara/modules/catalog/includes/languages/arabic/modules/payment paypal.php
105.05.16 18:35 B C:\shop-osc-arabic\arabic-pac\catalog\includes\languages\arabic\modules\payment\pm2checkout.php --> COOLINC.INFO /masr.coolinc.info/tegara/modules/catalog/includes/languages/arabic/modules/payment pm2checkout.php
105.05.16 18:35 B C:\shop-osc-arabic\arabic-pac\catalog\includes\languages\arabic\modules\payment\psigate.php --> COOLINC.INFO /masr.coolinc.info/tegara/modules/catalog/includes/languages/arabic/modules/payment psigate.php
105.05.16 18:35 B C:\shop-osc-arabic\arabic-pac\catalog\includes\languages\arabic\modules\payment\secpay.php --> COOLINC.INFO /masr.coolinc.info/tegara/modules/catalog/includes/languages/arabic/modules/payment secpay.php
105.05.16 18:35 B C:\shop-osc-arabic\arabic-pac\catalog\includes\languages\arabic\modules\payment\WS_FTP.LOG --> COOLINC.INFO /masr.coolinc.info/tegara/modules/catalog/includes/languages/arabic/modules/payment WS_FTP.LOG
